/Users/elie/Library/Python/3.9/lib/python/site-packages/urllib3/__init__.py:35: NotOpenSSLWarning: urllib3 v2 only supports OpenSSL 1.1.1+, currently the 'ssl' module is compiled with 'LibreSSL 2.8.3'. See: https://github.com/urllib3/urllib3/issues/3020
  warnings.warn(
✓ 目录结构已确认
⚠️ 缓存范围不足
  需要: 2019-01-01 ~ 2025-09-30
  缓存: 2019-01-02 ~ 2025-09-30
  重新下载...
下载沪深300指数数据...
✓ 沪深300数据已缓存: results/benchmark_hs300.csv
  时间范围: 2019-01-02 ~ 2025-09-30
  数据点数: 1639

============================================================
Phase 6D: 2019年回测
  参数: 阈值=0.0%, 频率=monthly, 佣金=0.00%, 稳定性=0.0
============================================================

✓ 从stock_pool_legacy7.yaml加载 legacy_7stocks（7只股票）
✓ 加载 7 只股票（2019-01-01 ~ 2019-12-31）

执行固定持仓回测...
✓ 固定持仓: 收益74.31%
执行动态选股回测...
[DEBUG] backtest_dynamic called: stability_ratio=0.0, target_count=7, commission=0.0, periods=12

[首次建仓] 2019-01-31: 6只 - ['600519.SH', '000001.SZ', '000858.SZ', '600036.SH', '000002.SZ', '600900.SH']

[调仓摘要] 2019-02-28
  持仓: 6只 → 7只
  换出: 0只 - 无
  换入: 1只 - ['600276.SH']
  换手率: 0.0%

[调仓摘要] 2019-03-29
  持仓: 7只 → 5只
  换出: 2只 - ['000001.SZ', '000002.SZ']
  换入: 0只 - 无
  换手率: 28.6%

[调仓摘要] 2019-04-30
  持仓: 5只 → 1只
  换出: 4只 - ['000858.SZ', '600036.SH', '600276.SH', '600900.SH']
  换入: 0只 - 无
  换手率: 80.0%

[调仓摘要] 2019-05-31
  持仓: 1只 → 1只
  换出: 1只 - ['600519.SH']
  换入: 1只 - ['600900.SH']
  换手率: 100.0%

[调仓摘要] 2019-06-28
  持仓: 1只 → 5只
  换出: 0只 - 无
  换入: 4只 - ['600519.SH', '000001.SZ', '000858.SZ', '600276.SH']
  换手率: 0.0%

[调仓摘要] 2019-07-31
  持仓: 5只 → 3只
  换出: 3只 - ['600519.SH', '000858.SZ', '600276.SH']
  换入: 1只 - ['600036.SH']
  换手率: 60.0%

[调仓摘要] 2019-08-30
  持仓: 3只 → 3只
  换出: 3只 - ['000001.SZ', '600036.SH', '600900.SH']
  换入: 3只 - ['600519.SH', '000858.SZ', '600276.SH']
  换手率: 100.0%

[调仓摘要] 2019-09-30
  持仓: 3只 → 4只
  换出: 1只 - ['000858.SZ']
  换入: 2只 - ['000001.SZ', '600036.SH']
  换手率: 33.3%

[调仓摘要] 2019-10-31
  持仓: 4只 → 3只
  换出: 1只 - ['600036.SH']
  换入: 0只 - 无
  换手率: 25.0%

[调仓摘要] 2019-11-29
  持仓: 3只 → 2只
  换出: 3只 - ['600519.SH', '000001.SZ', '600276.SH']
  换入: 2只 - ['000002.SZ', '600900.SH']
  换手率: 100.0%

[调仓摘要] 2019-12-31
  持仓: 2只 → 6只
  换出: 1只 - ['600900.SH']
  换入: 5只 - ['600519.SH', '000001.SZ', '000858.SZ', '600036.SH', '600276.SH']
  换手率: 50.0%
✓ 动态选股: 收益20.80%
计算沪深300基准...
✓ 沪深300: 收益37.95%

------------------------------------------------------------
回测摘要
------------------------------------------------------------
动态选股: 20.80% (年化20.80%, 换手31.67%)
固定持仓: 74.31% (年化74.31%)
沪深300: 37.95% (年化37.95%)
超额收益(vs固定): -53.50%
超额收益(vs300): -17.15%

