/Users/elie/Library/Python/3.9/lib/python/site-packages/urllib3/__init__.py:35: NotOpenSSLWarning: urllib3 v2 only supports OpenSSL 1.1.1+, currently the 'ssl' module is compiled with 'LibreSSL 2.8.3'. See: https://github.com/urllib3/urllib3/issues/3020
  warnings.warn(
✓ 目录结构已确认
⚠️ 缓存范围不足
  需要: 2021-01-01 ~ 2025-09-30
  缓存: 2021-01-04 ~ 2025-09-30
  重新下载...
下载沪深300指数数据...
✓ 沪深300数据已缓存: results/benchmark_hs300.csv
  时间范围: 2021-01-04 ~ 2025-09-30
  数据点数: 1152

============================================================
Phase 6D: 2021年回测
  参数: 阈值=0.0%, 频率=monthly, 佣金=0.00%, 稳定性=0.0
============================================================

✓ 从stock_pool.yaml加载 medium_cap（20只股票）
✓ 加载 20 只股票（2021-01-01 ~ 2021-12-31）

执行固定持仓回测...
✓ 固定持仓: 收益2.15%
执行动态选股回测...
[DEBUG] backtest_dynamic called: stability_ratio=0.0, target_count=20, commission=0.0, periods=12
✓ 动态选股: 收益-14.76%
计算沪深300基准...
✓ 沪深300: 收益-6.21%

------------------------------------------------------------
回测摘要
------------------------------------------------------------
动态选股: -14.76% (年化-14.76%, 换手35.00%)
固定持仓: 2.15% (年化2.15%)
沪深300: -6.21% (年化-6.21%)
超额收益(vs固定): -16.92%
超额收益(vs300): -8.55%

