/Users/elie/Library/Python/3.9/lib/python/site-packages/urllib3/__init__.py:35: NotOpenSSLWarning: urllib3 v2 only supports OpenSSL 1.1.1+, currently the 'ssl' module is compiled with 'LibreSSL 2.8.3'. See: https://github.com/urllib3/urllib3/issues/3020
  warnings.warn(
✓ 目录结构已确认
⚠️ 缓存范围不足
  需要: 2021-01-01 ~ 2025-09-30
  缓存: 2021-01-04 ~ 2025-09-30
  重新下载...
下载沪深300指数数据...
✓ 沪深300数据已缓存: results/benchmark_hs300.csv
  时间范围: 2021-01-04 ~ 2025-09-30
  数据点数: 1152

============================================================
Phase 6D: 2023年回测
  参数: 阈值=0.0%, 频率=monthly, 佣金=0.00%, 稳定性=0.0
============================================================

✓ 从stock_pool.yaml加载 medium_cap（20只股票）
✓ 加载 20 只股票（2023-01-01 ~ 2023-12-31）

执行固定持仓回测...
✓ 固定持仓: 收益-10.10%
执行动态选股回测...
✓ 动态选股: 收益6.10%
计算沪深300基准...
✓ 沪深300: 收益-11.75%

------------------------------------------------------------
回测摘要
------------------------------------------------------------
动态选股: 6.10% (年化6.10%, 换手65.83%)
固定持仓: -10.10% (年化-10.10%)
沪深300: -11.75% (年化-11.75%)
超额收益(vs固定): +16.19%
超额收益(vs300): +17.85%

